1616380922224	geckodriver	INFO	Listening on 127.0.0.1:51099
1616380925265	mozrunner::runner	INFO	Running command: "C:\\Program Files\\Mozilla Firefox\\firefox.exe" "--marionette" "-foreground" "-no-remote" "-profile" "C:\\Users\\Matt\\AppData\\Local\\Temp\\rust_mozprofileXvuJ4A"
console.warn: SearchSettings: "get: No settings file exists, new profile?" (new Error("", "(unknown module)"))
1616380929722	Marionette	INFO	Listening on port 51107
1616380930097	Marionette	WARN	TLS certificate errors will be ignored for this session
console.error: Region.jsm: "Error fetching region" (new TypeError("NetworkError when attempting to fetch resource.", ""))
console.error: Region.jsm: "Failed to fetch region" (new Error("NO_RESULT", "resource://gre/modules/Region.jsm", 422))
1616380940895	Marionette	INFO	Stopped listening on port 51107

###!!! [Child][RunMessage] Error: Channel closing: too late to send/recv, messages will be lost

1616380948547	geckodriver	INFO	Listening on 127.0.0.1:51232
1616380951583	mozrunner::runner	INFO	Running command: "C:\\Program Files\\Mozilla Firefox\\firefox.exe" "--marionette" "-foreground" "-no-remote" "-profile" "C:\\Users\\Matt\\AppData\\Local\\Temp\\rust_mozprofile9xaode"
console.warn: SearchSettings: "get: No settings file exists, new profile?" (new Error("", "(unknown module)"))
1616380955810	Marionette	INFO	Listening on port 51242
1616380955888	Marionette	WARN	TLS certificate errors will be ignored for this session
console.error: Region.jsm: "Error fetching region" (new TypeError("NetworkError when attempting to fetch resource.", ""))
console.error: Region.jsm: "Failed to fetch region" (new Error("NO_RESULT", "resource://gre/modules/Region.jsm", 422))
1616380964321	Marionette	INFO	Stopped listening on port 51242

###!!! [Child][RunMessage] Error: Channel closing: too late to send/recv, messages will be lost


###!!! [Child][RunMessage] Error: Channel closing: too late to send/recv, messages will be lost


###!!! [Child][RunMessage] Error: Channel closing: too late to send/recv, messages will be lost

1616381447533	geckodriver	INFO	Listening on 127.0.0.1:53331
1616381450573	mozrunner::runner	INFO	Running command: "C:\\Program Files\\Mozilla Firefox\\firefox.exe" "--marionette" "-foreground" "-no-remote" "-profile" "C:\\Users\\Matt\\AppData\\Local\\Temp\\rust_mozprofilekD2eQi"
console.warn: SearchSettings: "get: No settings file exists, new profile?" (new Error("", "(unknown module)"))
1616381454524	Marionette	INFO	Listening on port 53339
1616381454804	Marionette	WARN	TLS certificate errors will be ignored for this session
console.error: Region.jsm: "Error fetching region" (new TypeError("NetworkError when attempting to fetch resource.", ""))
console.error: Region.jsm: "Failed to fetch region" (new Error("NO_RESULT", "resource://gre/modules/Region.jsm", 422))
1616381465637	Marionette	INFO	Stopped listening on port 53339

###!!! [Child][RunMessage] Error: Channel closing: too late to send/recv, messages will be lost

1616381480820	geckodriver	INFO	Listening on 127.0.0.1:53432
1616381483858	mozrunner::runner	INFO	Running command: "C:\\Program Files\\Mozilla Firefox\\firefox.exe" "--marionette" "-foreground" "-no-remote" "-profile" "C:\\Users\\Matt\\AppData\\Local\\Temp\\rust_mozprofileDO10JT"
console.warn: SearchSettings: "get: No settings file exists, new profile?" (new Error("", "(unknown module)"))
1616381487644	Marionette	INFO	Listening on port 53444
1616381488045	Marionette	WARN	TLS certificate errors will be ignored for this session
console.error: Region.jsm: "Error fetching region" (new TypeError("NetworkError when attempting to fetch resource.", ""))
console.error: Region.jsm: "Failed to fetch region" (new Error("NO_RESULT", "resource://gre/modules/Region.jsm", 422))
1616381493787	Marionette	INFO	Stopped listening on port 53444

###!!! [Child][RunMessage] Error: Channel closing: too late to send/recv, messages will be lost

1616381582874	geckodriver	INFO	Listening on 127.0.0.1:53569
1616381585910	mozrunner::runner	INFO	Running command: "C:\\Program Files\\Mozilla Firefox\\firefox.exe" "--marionette" "-foreground" "-no-remote" "-profile" "C:\\Users\\Matt\\AppData\\Local\\Temp\\rust_mozprofilei0qBZK"
console.warn: SearchSettings: "get: No settings file exists, new profile?" (new Error("", "(unknown module)"))
1616381589847	Marionette	INFO	Listening on port 53580
1616381590160	Marionette	WARN	TLS certificate errors will be ignored for this session
console.error: Region.jsm: "Error fetching region" (new TypeError("NetworkError when attempting to fetch resource.", ""))
console.error: Region.jsm: "Failed to fetch region" (new Error("NO_RESULT", "resource://gre/modules/Region.jsm", 422))
1616381598637	Marionette	INFO	Stopped listening on port 53580

###!!! [Child][RunMessage] Error: Channel closing: too late to send/recv, messages will be lost

1616381902576	geckodriver	INFO	Listening on 127.0.0.1:53829
1616381905623	mozrunner::runner	INFO	Running command: "C:\\Program Files\\Mozilla Firefox\\firefox.exe" "--marionette" "-foreground" "-no-remote" "-profile" "C:\\Users\\Matt\\AppData\\Local\\Temp\\rust_mozprofileMuwsNz"
console.warn: SearchSettings: "get: No settings file exists, new profile?" (new Error("", "(unknown module)"))
1616381910759	Marionette	INFO	Listening on port 53837
1616381910968	Marionette	WARN	TLS certificate errors will be ignored for this session
console.error: Region.jsm: "Error fetching region" (new TypeError("NetworkError when attempting to fetch resource.", ""))
console.error: Region.jsm: "Failed to fetch region" (new Error("NO_RESULT", "resource://gre/modules/Region.jsm", 422))
1616381917588	Marionette	INFO	Stopped listening on port 53837

###!!! [Child][RunMessage] Error: Channel closing: too late to send/recv, messages will be lost

1616452120772	geckodriver	INFO	Listening on 127.0.0.1:54737
1616452123807	mozrunner::runner	INFO	Running command: "C:\\Program Files\\Mozilla Firefox\\firefox.exe" "--marionette" "-foreground" "-no-remote" "-profile" "C:\\Users\\Matt\\AppData\\Local\\Temp\\rust_mozprofilealvXiD"
console.warn: SearchSettings: "get: No settings file exists, new profile?" (new Error("", "(unknown module)"))
1616452129946	Marionette	INFO	Listening on port 54748
1616452130212	Marionette	WARN	TLS certificate errors will be ignored for this session
console.error: Region.jsm: "Error fetching region" (new TypeError("NetworkError when attempting to fetch resource.", ""))
console.error: Region.jsm: "Failed to fetch region" (new Error("NO_RESULT", "resource://gre/modules/Region.jsm", 422))
1616452140407	Marionette	INFO	Stopped listening on port 54748
JavaScript error: chrome://global/content/elements/browser-custom-element.js, line 1681: NotFoundError: No such JSWindowActor 'MarionetteEvents'

###!!! [Child][RunMessage] Error: Channel closing: too late to send/recv, messages will be lost

1616452182636	geckodriver	INFO	Listening on 127.0.0.1:54870
1616452185675	mozrunner::runner	INFO	Running command: "C:\\Program Files\\Mozilla Firefox\\firefox.exe" "--marionette" "-foreground" "-no-remote" "-profile" "C:\\Users\\Matt\\AppData\\Local\\Temp\\rust_mozprofile6DsD2p"
console.warn: SearchSettings: "get: No settings file exists, new profile?" (new Error("", "(unknown module)"))
1616452190566	Marionette	INFO	Listening on port 54881
1616452191077	Marionette	WARN	TLS certificate errors will be ignored for this session
console.error: Region.jsm: "Error fetching region" (new TypeError("NetworkError when attempting to fetch resource.", ""))
console.error: Region.jsm: "Failed to fetch region" (new Error("NO_RESULT", "resource://gre/modules/Region.jsm", 422))
1616452204190	Marionette	INFO	Stopped listening on port 54881

###!!! [Child][RunMessage] Error: Channel closing: too late to send/recv, messages will be lost


###!!! [Child][RunMessage] Error: Channel closing: too late to send/recv, messages will be lost


###!!! [Child][RunMessage] Error: Channel closing: too late to send/recv, messages will be lost

1616452275660	geckodriver	INFO	Listening on 127.0.0.1:54994
1616452278699	mozrunner::runner	INFO	Running command: "C:\\Program Files\\Mozilla Firefox\\firefox.exe" "--marionette" "-foreground" "-no-remote" "-profile" "C:\\Users\\Matt\\AppData\\Local\\Temp\\rust_mozprofilel70Fcm"
console.warn: SearchSettings: "get: No settings file exists, new profile?" (new Error("", "(unknown module)"))
1616452283714	Marionette	INFO	Listening on port 55002
1616452284083	Marionette	WARN	TLS certificate errors will be ignored for this session
console.error: Region.jsm: "Error fetching region" (new TypeError("NetworkError when attempting to fetch resource.", ""))
console.error: Region.jsm: "Failed to fetch region" (new Error("NO_RESULT", "resource://gre/modules/Region.jsm", 422))
1616452295603	Marionette	INFO	Stopped listening on port 55002

###!!! [Child][RunMessage] Error: Channel closing: too late to send/recv, messages will be lost

1616452311386	geckodriver	INFO	Listening on 127.0.0.1:55108
1616452314463	mozrunner::runner	INFO	Running command: "C:\\Program Files\\Mozilla Firefox\\firefox.exe" "--marionette" "-foreground" "-no-remote" "-profile" "C:\\Users\\Matt\\AppData\\Local\\Temp\\rust_mozprofileKBhrkX"
console.warn: SearchSettings: "get: No settings file exists, new profile?" (new Error("", "(unknown module)"))
1616452319826	Marionette	INFO	Listening on port 55117
1616452320367	Marionette	WARN	TLS certificate errors will be ignored for this session
console.error: Region.jsm: "Error fetching region" (new TypeError("NetworkError when attempting to fetch resource.", ""))
console.error: Region.jsm: "Failed to fetch region" (new Error("NO_RESULT", "resource://gre/modules/Region.jsm", 422))
Marionette threw an error: NotFoundError: WindowGlobalParent.getActor: No such JSWindowActor 'MarionetteCommands'
getMarionetteCommandsActorProxy/get/<@chrome://marionette/content/actors/MarionetteCommandsParent.jsm:332:69
unregisterCommandsActor@chrome://marionette/content/actors/MarionetteCommandsParent.jsm:395:15
GeckoDriver.prototype.deleteSession@chrome://marionette/content/driver.js:3009:5
onClosed@chrome://marionette/content/server.js:196:17
close@chrome://marionette/content/transport.js:225:18
onInputStreamReady@chrome://marionette/content/transport.js:379:14

JavaScript error: resource://gre/modules/AsyncShutdown.jsm, line 573: NotFoundError: No such JSWindowActor 'MarionetteEvents'
JavaScript error: resource://gre/modules/AsyncShutdown.jsm, line 573: NotFoundError: No such JSWindowActor 'MarionetteEvents'
JavaScript error: resource://gre/modules/AsyncShutdown.jsm, line 573: NotFoundError: No such JSWindowActor 'MarionetteEvents'
JavaScript error: resource://gre/modules/AsyncShutdown.jsm, line 573: NotFoundError: No such JSWindowActor 'MarionetteEvents'
1616452331387	Marionette	INFO	Stopped listening on port 55117

###!!! [Child][RunMessage] Error: Channel closing: too late to send/recv, messages will be lost

1616452354462	geckodriver	INFO	Listening on 127.0.0.1:55225
1616452357516	mozrunner::runner	INFO	Running command: "C:\\Program Files\\Mozilla Firefox\\firefox.exe" "--marionette" "-foreground" "-no-remote" "-profile" "C:\\Users\\Matt\\AppData\\Local\\Temp\\rust_mozprofileNXvCjn"
console.warn: SearchSettings: "get: No settings file exists, new profile?" (new Error("", "(unknown module)"))
1616452362715	Marionette	INFO	Listening on port 55236
1616452362902	Marionette	WARN	TLS certificate errors will be ignored for this session
console.error: Region.jsm: "Error fetching region" (new TypeError("NetworkError when attempting to fetch resource.", ""))
console.error: Region.jsm: "Failed to fetch region" (new Error("NO_RESULT", "resource://gre/modules/Region.jsm", 422))
1616452374885	Marionette	INFO	Stopped listening on port 55236

###!!! [Child][RunMessage] Error: Channel closing: too late to send/recv, messages will be lost

1616452390489	geckodriver	INFO	Listening on 127.0.0.1:55350
1616452393555	mozrunner::runner	INFO	Running command: "C:\\Program Files\\Mozilla Firefox\\firefox.exe" "--marionette" "-foreground" "-no-remote" "-profile" "C:\\Users\\Matt\\AppData\\Local\\Temp\\rust_mozprofile68DAcM"
console.warn: SearchSettings: "get: No settings file exists, new profile?" (new Error("", "(unknown module)"))
1616452400643	Marionette	INFO	Listening on port 55358
1616452400797	Marionette	WARN	TLS certificate errors will be ignored for this session
console.error: Region.jsm: "Error fetching region" (new Error("TIMEOUT", "resource://gre/modules/Region.jsm", 775))
console.error: Region.jsm: "Failed to fetch region" (new Error("TIMEOUT", "resource://gre/modules/Region.jsm", 422))
1616452414968	Marionette	INFO	Stopped listening on port 55358

###!!! [Child][RunMessage] Error: Channel closing: too late to send/recv, messages will be lost


###!!! [Child][RunMessage] Error: Channel closing: too late to send/recv, messages will be lost


###!!! [Child][RunMessage] Error: Channel closing: too late to send/recv, messages will be lost

1616452610592	geckodriver	INFO	Listening on 127.0.0.1:55594
1616452613636	mozrunner::runner	INFO	Running command: "C:\\Program Files\\Mozilla Firefox\\firefox.exe" "--marionette" "-foreground" "-no-remote" "-profile" "C:\\Users\\Matt\\AppData\\Local\\Temp\\rust_mozprofileuEMxuc"
console.warn: SearchSettings: "get: No settings file exists, new profile?" (new Error("", "(unknown module)"))
1616452618163	Marionette	INFO	Listening on port 55604
1616452618453	Marionette	WARN	TLS certificate errors will be ignored for this session
console.error: Region.jsm: "Error fetching region" (new TypeError("NetworkError when attempting to fetch resource.", ""))
console.error: Region.jsm: "Failed to fetch region" (new Error("NO_RESULT", "resource://gre/modules/Region.jsm", 422))
1616452642251	Marionette	INFO	Stopped listening on port 55604

###!!! [Child][RunMessage] Error: Channel closing: too late to send/recv, messages will be lost

1616534585715	geckodriver	INFO	Listening on 127.0.0.1:49866
1616534588770	mozrunner::runner	INFO	Running command: "C:\\Program Files\\Mozilla Firefox\\firefox.exe" "--marionette" "-foreground" "-no-remote" "-profile" "C:\\Users\\Matt\\AppData\\Local\\Temp\\rust_mozprofileslW6HQ"
console.warn: SearchSettings: "get: No settings file exists, new profile?" (new Error("", "(unknown module)"))
1616534594868	Marionette	INFO	Listening on port 49874
1616534595198	Marionette	WARN	TLS certificate errors will be ignored for this session
console.error: Region.jsm: "Error fetching region" (new TypeError("NetworkError when attempting to fetch resource.", ""))
console.error: Region.jsm: "Failed to fetch region" (new Error("NO_RESULT", "resource://gre/modules/Region.jsm", 422))
1616534600279	Marionette	WARN	TimedPromise timed out after 5000 ms: stacktrace:
TimedPromise/<@chrome://marionette/content/sync.js:231:19
TimedPromise@chrome://marionette/content/sync.js:216:10
GeckoDriver.prototype.minimizeWindow@chrome://marionette/content/driver.js:3250:11
1616534614576	Marionette	INFO	Stopped listening on port 49874

###!!! [Child][RunMessage] Error: Channel closing: too late to send/recv, messages will be lost

1616534629160	geckodriver	INFO	Listening on 127.0.0.1:49949
1616534632216	mozrunner::runner	INFO	Running command: "C:\\Program Files\\Mozilla Firefox\\firefox.exe" "--marionette" "-foreground" "-no-remote" "-profile" "C:\\Users\\Matt\\AppData\\Local\\Temp\\rust_mozprofile6pCRlM"
console.warn: SearchSettings: "get: No settings file exists, new profile?" (new Error("", "(unknown module)"))
1616534636310	Marionette	INFO	Listening on port 49957
1616534636430	Marionette	WARN	TLS certificate errors will be ignored for this session
console.error: Region.jsm: "Error fetching region" (new TypeError("NetworkError when attempting to fetch resource.", ""))
console.error: Region.jsm: "Failed to fetch region" (new Error("NO_RESULT", "resource://gre/modules/Region.jsm", 422))
1616534641478	Marionette	WARN	TimedPromise timed out after 5000 ms: stacktrace:
TimedPromise/<@chrome://marionette/content/sync.js:231:19
TimedPromise@chrome://marionette/content/sync.js:216:10
GeckoDriver.prototype.minimizeWindow@chrome://marionette/content/driver.js:3250:11
1616534655157	Marionette	INFO	Stopped listening on port 49957

###!!! [Child][RunMessage] Error: Channel closing: too late to send/recv, messages will be lost

1616534682916	geckodriver	INFO	Listening on 127.0.0.1:52982
1616534685970	mozrunner::runner	INFO	Running command: "C:\\Program Files\\Mozilla Firefox\\firefox.exe" "--marionette" "-foreground" "-no-remote" "-profile" "C:\\Users\\Matt\\AppData\\Local\\Temp\\rust_mozprofilemigZED"
console.warn: SearchSettings: "get: No settings file exists, new profile?" (new Error("", "(unknown module)"))
1616534690118	Marionette	INFO	Listening on port 52992
1616534690208	Marionette	WARN	TLS certificate errors will be ignored for this session
console.error: Region.jsm: "Error fetching region" (new TypeError("NetworkError when attempting to fetch resource.", ""))
console.error: Region.jsm: "Failed to fetch region" (new Error("NO_RESULT", "resource://gre/modules/Region.jsm", 422))
1616534695258	Marionette	WARN	TimedPromise timed out after 5000 ms: stacktrace:
TimedPromise/<@chrome://marionette/content/sync.js:231:19
TimedPromise@chrome://marionette/content/sync.js:216:10
GeckoDriver.prototype.minimizeWindow@chrome://marionette/content/driver.js:3250:11
1616534708454	Marionette	INFO	Stopped listening on port 52992

###!!! [Child][MessageChannel] Error: (msgtype=0x5B0009,name=PHttpChannel::Msg_DeletingChannel) Channel closing: too late to send/recv, messages will be lost


###!!! [Child][RunMessage] Error: Channel closing: too late to send/recv, messages will be lost


###!!! [Child][RunMessage] Error: Channel closing: too late to send/recv, messages will be lost


###!!! [Child][RunMessage] Error: Channel closing: too late to send/recv, messages will be lost


###!!! [Child][RunMessage] Error: Channel closing: too late to send/recv, messages will be lost

1616534801790	geckodriver	INFO	Listening on 127.0.0.1:58573
1616534804842	mozrunner::runner	INFO	Running command: "C:\\Program Files\\Mozilla Firefox\\firefox.exe" "--marionette" "-foreground" "-no-remote" "-profile" "C:\\Users\\Matt\\AppData\\Local\\Temp\\rust_mozprofilefzRL0G"
console.warn: SearchSettings: "get: No settings file exists, new profile?" (new Error("", "(unknown module)"))
1616534809363	Marionette	INFO	Listening on port 58581
1616534809690	Marionette	WARN	TLS certificate errors will be ignored for this session
console.error: Region.jsm: "Error fetching region" (new TypeError("NetworkError when attempting to fetch resource.", ""))
console.error: Region.jsm: "Failed to fetch region" (new Error("NO_RESULT", "resource://gre/modules/Region.jsm", 422))
1616534819872	Marionette	INFO	Stopped listening on port 58581
JavaScript error: resource://gre/modules/AsyncShutdown.jsm, line 573: NotFoundError: No such JSWindowActor 'MarionetteEvents'
JavaScript error: resource://gre/modules/AsyncShutdown.jsm, line 573: NotFoundError: No such JSWindowActor 'MarionetteEvents'

###!!! [Child][RunMessage] Error: Channel closing: too late to send/recv, messages will be lost

1616535448472	geckodriver	INFO	Listening on 127.0.0.1:51311
1616535451494	mozrunner::runner	INFO	Running command: "C:\\Program Files\\Mozilla Firefox\\firefox.exe" "--marionette" "-foreground" "-no-remote" "-profile" "C:\\Users\\Matt\\AppData\\Local\\Temp\\rust_mozprofile23CE3G"
console.warn: SearchSettings: "get: No settings file exists, new profile?" (new Error("", "(unknown module)"))
1616535455225	Marionette	INFO	Listening on port 51319
1616535455696	Marionette	WARN	TLS certificate errors will be ignored for this session
console.error: Region.jsm: "Error fetching region" (new TypeError("NetworkError when attempting to fetch resource.", ""))
console.error: Region.jsm: "Failed to fetch region" (new Error("NO_RESULT", "resource://gre/modules/Region.jsm", 422))
1616535465419	Marionette	INFO	Stopped listening on port 51319

###!!! [Child][RunMessage] Error: Channel closing: too late to send/recv, messages will be lost

1616535475998	geckodriver	INFO	Listening on 127.0.0.1:51420
1616535479034	mozrunner::runner	INFO	Running command: "C:\\Program Files\\Mozilla Firefox\\firefox.exe" "--marionette" "-foreground" "-no-remote" "-profile" "C:\\Users\\Matt\\AppData\\Local\\Temp\\rust_mozprofilerkZNNU"
console.warn: SearchSettings: "get: No settings file exists, new profile?" (new Error("", "(unknown module)"))
1616535483425	Marionette	INFO	Listening on port 51428
1616535483873	Marionette	WARN	TLS certificate errors will be ignored for this session
console.error: Region.jsm: "Error fetching region" (new TypeError("NetworkError when attempting to fetch resource.", ""))
console.error: Region.jsm: "Failed to fetch region" (new Error("NO_RESULT", "resource://gre/modules/Region.jsm", 422))
1616535498473	Marionette	INFO	Stopped listening on port 51428

###!!! [Child][RunMessage] Error: Channel closing: too late to send/recv, messages will be lost

1616535557727	geckodriver	INFO	Listening on 127.0.0.1:51570
1616535560746	mozrunner::runner	INFO	Running command: "C:\\Program Files\\Mozilla Firefox\\firefox.exe" "--marionette" "-foreground" "-no-remote" "-profile" "C:\\Users\\Matt\\AppData\\Local\\Temp\\rust_mozprofiler26ruT"
console.warn: SearchSettings: "get: No settings file exists, new profile?" (new Error("", "(unknown module)"))
1616535565719	Marionette	INFO	Listening on port 51580
1616535566093	Marionette	WARN	TLS certificate errors will be ignored for this session
console.error: Region.jsm: "Error fetching region" (new TypeError("NetworkError when attempting to fetch resource.", ""))
console.error: Region.jsm: "Failed to fetch region" (new Error("NO_RESULT", "resource://gre/modules/Region.jsm", 422))
1616535571163	Marionette	WARN	TimedPromise timed out after 5000 ms: stacktrace:
TimedPromise/<@chrome://marionette/content/sync.js:231:19
TimedPromise@chrome://marionette/content/sync.js:216:10
GeckoDriver.prototype.minimizeWindow@chrome://marionette/content/driver.js:3250:11
1616535578401	Marionette	INFO	Stopped listening on port 51580

###!!! [Child][RunMessage] Error: Channel closing: too late to send/recv, messages will be lost

1616535723146	geckodriver	INFO	Listening on 127.0.0.1:51724
1616535726188	mozrunner::runner	INFO	Running command: "C:\\Program Files\\Mozilla Firefox\\firefox.exe" "--marionette" "-foreground" "-no-remote" "-profile" "C:\\Users\\Matt\\AppData\\Local\\Temp\\rust_mozprofileDAl77o"
console.warn: SearchSettings: "get: No settings file exists, new profile?" (new Error("", "(unknown module)"))
1616535730216	Marionette	INFO	Listening on port 51733
1616535730406	Marionette	WARN	TLS certificate errors will be ignored for this session
console.error: Region.jsm: "Error fetching region" (new TypeError("NetworkError when attempting to fetch resource.", ""))
console.error: Region.jsm: "Failed to fetch region" (new Error("NO_RESULT", "resource://gre/modules/Region.jsm", 422))
1616535735448	Marionette	WARN	TimedPromise timed out after 5000 ms: stacktrace:
TimedPromise/<@chrome://marionette/content/sync.js:231:19
TimedPromise@chrome://marionette/content/sync.js:216:10
GeckoDriver.prototype.minimizeWindow@chrome://marionette/content/driver.js:3250:11
1616535743015	Marionette	INFO	Stopped listening on port 51733

###!!! [Child][RunMessage] Error: Channel closing: too late to send/recv, messages will be lost

1616535846449	geckodriver	INFO	Listening on 127.0.0.1:51835
1616535849478	mozrunner::runner	INFO	Running command: "C:\\Program Files\\Mozilla Firefox\\firefox.exe" "--marionette" "-foreground" "-no-remote" "-profile" "C:\\Users\\Matt\\AppData\\Local\\Temp\\rust_mozprofilepq6P1Y"
console.warn: SearchSettings: "get: No settings file exists, new profile?" (new Error("", "(unknown module)"))
1616535853273	Marionette	INFO	Listening on port 51843
1616535853700	Marionette	WARN	TLS certificate errors will be ignored for this session
console.error: Region.jsm: "Error fetching region" (new TypeError("NetworkError when attempting to fetch resource.", ""))
console.error: Region.jsm: "Failed to fetch region" (new Error("NO_RESULT", "resource://gre/modules/Region.jsm", 422))
1616535858741	Marionette	WARN	TimedPromise timed out after 5000 ms: stacktrace:
TimedPromise/<@chrome://marionette/content/sync.js:231:19
TimedPromise@chrome://marionette/content/sync.js:216:10
GeckoDriver.prototype.minimizeWindow@chrome://marionette/content/driver.js:3250:11
1616535865772	Marionette	INFO	Stopped listening on port 51843

###!!! [Child][RunMessage] Error: Channel closing: too late to send/recv, messages will be lost

1616535874603	geckodriver	INFO	Listening on 127.0.0.1:51916
1616535877641	mozrunner::runner	INFO	Running command: "C:\\Program Files\\Mozilla Firefox\\firefox.exe" "--marionette" "-foreground" "-no-remote" "-profile" "C:\\Users\\Matt\\AppData\\Local\\Temp\\rust_mozprofileFtIiT2"
console.warn: SearchSettings: "get: No settings file exists, new profile?" (new Error("", "(unknown module)"))
1616535881215	Marionette	INFO	Listening on port 51925
1616535881339	Marionette	WARN	TLS certificate errors will be ignored for this session
console.error: Region.jsm: "Error fetching region" (new TypeError("NetworkError when attempting to fetch resource.", ""))
console.error: Region.jsm: "Failed to fetch region" (new Error("NO_RESULT", "resource://gre/modules/Region.jsm", 422))
1616535886395	Marionette	WARN	TimedPromise timed out after 5000 ms: stacktrace:
TimedPromise/<@chrome://marionette/content/sync.js:231:19
TimedPromise@chrome://marionette/content/sync.js:216:10
GeckoDriver.prototype.minimizeWindow@chrome://marionette/content/driver.js:3250:11
1616535893358	Marionette	INFO	Stopped listening on port 51925

###!!! [Child][MessageChannel] Error: (msgtype=0x3A0146,name=PContent::Msg_ScriptError) Channel closing: too late to send/recv, messages will be lost


###!!! [Child][MessageChannel] Error: (msgtype=0xB60006,name=PWebSocket::Msg_DeleteSelf) Channel closing: too late to send/recv, messages will be lost


###!!! [Child][RunMessage] Error: Channel closing: too late to send/recv, messages will be lost

1616535997522	geckodriver	INFO	Listening on 127.0.0.1:54534
1616536000549	mozrunner::runner	INFO	Running command: "C:\\Program Files\\Mozilla Firefox\\firefox.exe" "--marionette" "-foreground" "-no-remote" "-profile" "C:\\Users\\Matt\\AppData\\Local\\Temp\\rust_mozprofiletmrINF"
console.warn: SearchSettings: "get: No settings file exists, new profile?" (new Error("", "(unknown module)"))
1616536004604	Marionette	INFO	Listening on port 54544
1616536004793	Marionette	WARN	TLS certificate errors will be ignored for this session
console.error: Region.jsm: "Error fetching region" (new TypeError("NetworkError when attempting to fetch resource.", ""))
console.error: Region.jsm: "Failed to fetch region" (new Error("NO_RESULT", "resource://gre/modules/Region.jsm", 422))
1616536009851	Marionette	WARN	TimedPromise timed out after 5000 ms: stacktrace:
TimedPromise/<@chrome://marionette/content/sync.js:231:19
TimedPromise@chrome://marionette/content/sync.js:216:10
GeckoDriver.prototype.minimizeWindow@chrome://marionette/content/driver.js:3250:11
1616536017478	Marionette	INFO	Stopped listening on port 54544

###!!! [Child][RunMessage] Error: Channel closing: too late to send/recv, messages will be lost

1616536085623	geckodriver	INFO	Listening on 127.0.0.1:51688
1616536088656	mozrunner::runner	INFO	Running command: "C:\\Program Files\\Mozilla Firefox\\firefox.exe" "--marionette" "-foreground" "-no-remote" "-profile" "C:\\Users\\Matt\\AppData\\Local\\Temp\\rust_mozprofilePVSE92"
console.warn: SearchSettings: "get: No settings file exists, new profile?" (new Error("", "(unknown module)"))
1616536093014	Marionette	INFO	Listening on port 51699
1616536093470	Marionette	WARN	TLS certificate errors will be ignored for this session
console.error: Region.jsm: "Error fetching region" (new TypeError("NetworkError when attempting to fetch resource.", ""))
console.error: Region.jsm: "Failed to fetch region" (new Error("NO_RESULT", "resource://gre/modules/Region.jsm", 422))
1616536101145	Marionette	INFO	Stopped listening on port 51699

###!!! [Child][MessageChannel] Error: (msgtype=0x6B0027,name=PNecko::Msg_RemoveRequestContext) Channel closing: too late to send/recv, messages will be lost


###!!! [Child][RunMessage] Error: Channel closing: too late to send/recv, messages will be lost

1616536187354	geckodriver	INFO	Listening on 127.0.0.1:51885
1616536190400	mozrunner::runner	INFO	Running command: "C:\\Program Files\\Mozilla Firefox\\firefox.exe" "--marionette" "-foreground" "-no-remote" "-profile" "C:\\Users\\Matt\\AppData\\Local\\Temp\\rust_mozprofile9SNY8G"
console.warn: SearchSettings: "get: No settings file exists, new profile?" (new Error("", "(unknown module)"))
1616536194149	Marionette	INFO	Listening on port 51897
1616536194609	Marionette	WARN	TLS certificate errors will be ignored for this session
console.error: Region.jsm: "Error fetching region" (new TypeError("NetworkError when attempting to fetch resource.", ""))
console.error: Region.jsm: "Failed to fetch region" (new Error("NO_RESULT", "resource://gre/modules/Region.jsm", 422))
1616536203701	Marionette	INFO	Stopped listening on port 51897

###!!! [Child][RunMessage] Error: Channel closing: too late to send/recv, messages will be lost

1616536213136	geckodriver	INFO	Listening on 127.0.0.1:52016
1616536216214	mozrunner::runner	INFO	Running command: "C:\\Program Files\\Mozilla Firefox\\firefox.exe" "--marionette" "-foreground" "-no-remote" "-profile" "C:\\Users\\Matt\\AppData\\Local\\Temp\\rust_mozprofileVd9KIr"
console.warn: SearchSettings: "get: No settings file exists, new profile?" (new Error("", "(unknown module)"))
1616536220083	Marionette	INFO	Listening on port 52028
1616536220470	Marionette	WARN	TLS certificate errors will be ignored for this session
console.error: Region.jsm: "Error fetching region" (new TypeError("NetworkError when attempting to fetch resource.", ""))
console.error: Region.jsm: "Failed to fetch region" (new Error("NO_RESULT", "resource://gre/modules/Region.jsm", 422))
1616536232030	Marionette	INFO	Stopped listening on port 52028

###!!! [Child][RunMessage] Error: Channel closing: too late to send/recv, messages will be lost


###!!! [Child][RunMessage] Error: Channel closing: too late to send/recv, messages will be lost


###!!! [Child][RunMessage] Error: Channel closing: too late to send/recv, messages will be lost

